[debug] [2025-05-28T03:28:37.626Z] ----------------------------------------------------------------------
[debug] [2025-05-28T03:28:37.627Z] Command:       /Users/viethung-phenikaax/.nvm/versions/node/v20.0.0/bin/node /Users/viethung-phenikaax/.nvm/versions/node/v20.0.0/bin/firebase init hosting
[debug] [2025-05-28T03:28:37.627Z] CLI Version:   14.4.0
[debug] [2025-05-28T03:28:37.627Z] Platform:      darwin
[debug] [2025-05-28T03:28:37.627Z] Node Version:  v20.0.0
[debug] [2025-05-28T03:28:37.627Z] Time:          Wed May 28 2025 10:28:37 GMT+0700 (Indochina Time)
[debug] [2025-05-28T03:28:37.627Z] ----------------------------------------------------------------------
[debug] 
[debug] [2025-05-28T03:28:37.710Z] > command requires scopes: ["email","openid","https://www.googleapis.com/auth/cloudplatformprojects.readonly","https://www.googleapis.com/auth/firebase","https://www.googleapis.com/auth/cloud-platform"]
[debug] [2025-05-28T03:28:37.711Z] > authorizing via signed-in user (hungnguyen14599@gmail.com)
[info] 
     ######## #### ########  ######## ########     ###     ######  ########
     ##        ##  ##     ## ##       ##     ##  ##   ##  ##       ##
     ######    ##  ########  ######   ########  #########  ######  ######
     ##        ##  ##    ##  ##       ##     ## ##     ##       ## ##
     ##       #### ##     ## ######## ########  ##     ##  ######  ########

You're about to initialize a Firebase project in this directory:

  /Users/viethung-phenikaax/Desktop/phenikaaX/cicd-github-react

Before we get started, keep in mind:

  * You are initializing within an existing Firebase project directory

[info] 
=== Project Setup
[info] 
[info] First, let's associate this project directory with a Firebase project.
[info] You can create multiple project aliases by running firebase use --add, 
[info] but for now we'll just set up a default project.
[info] 
[debug] [2025-05-28T03:28:37.712Z] Using project from CLI flag: cicd-github-react
[debug] [2025-05-28T03:28:37.712Z] Checked if tokens are valid: true, expires at: 1748405404174
[debug] [2025-05-28T03:28:37.712Z] Checked if tokens are valid: true, expires at: 1748405404174
[debug] [2025-05-28T03:28:37.713Z] >>> [apiv2][query] GET https://firebase.googleapis.com/v1beta1/projects/cicd-github-react [none]
[debug] [2025-05-28T03:28:38.109Z] <<< [apiv2][status] GET https://firebase.googleapis.com/v1beta1/projects/cicd-github-react 403
[debug] [2025-05-28T03:28:38.110Z] <<< [apiv2][body] GET https://firebase.googleapis.com/v1beta1/projects/cicd-github-react {"error":{"code":403,"message":"The caller does not have permission","status":"PERMISSION_DENIED"}}
[debug] [2025-05-28T03:28:38.110Z] Request to https://firebase.googleapis.com/v1beta1/projects/cicd-github-react had HTTP Error: 403, The caller does not have permission
[debug] [2025-05-28T03:28:38.230Z] FirebaseError: Request to https://firebase.googleapis.com/v1beta1/projects/cicd-github-react had HTTP Error: 403, The caller does not have permission
    at responseToError (/Users/viethung-phenikaax/.nvm/versions/node/v20.0.0/lib/node_modules/firebase-tools/lib/responseToError.js:52:12)
    at RetryOperation._fn (/Users/viethung-phenikaax/.nvm/versions/node/v20.0.0/lib/node_modules/firebase-tools/lib/apiv2.js:312:77)
    at process.processTicksAndRejections (node:internal/process/task_queues:95:5)
[error] 
[error] Error: Failed to get Firebase project cicd-github-react. Please make sure the project exists and your account has permission to access it.
[debug] [2025-05-28T03:30:14.848Z] ----------------------------------------------------------------------
[debug] [2025-05-28T03:30:14.849Z] Command:       /Users/viethung-phenikaax/.nvm/versions/node/v20.0.0/bin/node /Users/viethung-phenikaax/.nvm/versions/node/v20.0.0/bin/firebase init hosting
[debug] [2025-05-28T03:30:14.849Z] CLI Version:   14.4.0
[debug] [2025-05-28T03:30:14.849Z] Platform:      darwin
[debug] [2025-05-28T03:30:14.850Z] Node Version:  v20.0.0
[debug] [2025-05-28T03:30:14.850Z] Time:          Wed May 28 2025 10:30:14 GMT+0700 (Indochina Time)
[debug] [2025-05-28T03:30:14.850Z] ----------------------------------------------------------------------
[debug] 
[debug] [2025-05-28T03:30:14.931Z] > command requires scopes: ["email","openid","https://www.googleapis.com/auth/cloudplatformprojects.readonly","https://www.googleapis.com/auth/firebase","https://www.googleapis.com/auth/cloud-platform"]
[debug] [2025-05-28T03:30:14.931Z] > authorizing via signed-in user (hungnguyen14599@gmail.com)
[info] 
     ######## #### ########  ######## ########     ###     ######  ########
     ##        ##  ##     ## ##       ##     ##  ##   ##  ##       ##
     ######    ##  ########  ######   ########  #########  ######  ######
     ##        ##  ##    ##  ##       ##     ## ##     ##       ## ##
     ##       #### ##     ## ######## ########  ##     ##  ######  ########

You're about to initialize a Firebase project in this directory:

  /Users/viethung-phenikaax/Desktop/phenikaaX/cicd-github-react

Before we get started, keep in mind:

  * You are initializing within an existing Firebase project directory

[info] 
=== Project Setup
[info] 
[info] First, let's associate this project directory with a Firebase project.
[info] You can create multiple project aliases by running firebase use --add, 
[info] but for now we'll just set up a default project.
[info] 
[debug] [2025-05-28T03:30:14.932Z] Using project from CLI flag: cicd-github-react
[debug] [2025-05-28T03:30:14.933Z] Checked if tokens are valid: true, expires at: 1748405404174
[debug] [2025-05-28T03:30:14.933Z] Checked if tokens are valid: true, expires at: 1748405404174
[debug] [2025-05-28T03:30:14.933Z] >>> [apiv2][query] GET https://firebase.googleapis.com/v1beta1/projects/cicd-github-react [none]
[debug] [2025-05-28T03:30:15.410Z] <<< [apiv2][status] GET https://firebase.googleapis.com/v1beta1/projects/cicd-github-react 403
[debug] [2025-05-28T03:30:15.411Z] <<< [apiv2][body] GET https://firebase.googleapis.com/v1beta1/projects/cicd-github-react {"error":{"code":403,"message":"The caller does not have permission","status":"PERMISSION_DENIED"}}
[debug] [2025-05-28T03:30:15.412Z] Request to https://firebase.googleapis.com/v1beta1/projects/cicd-github-react had HTTP Error: 403, The caller does not have permission
[debug] [2025-05-28T03:30:15.528Z] FirebaseError: Request to https://firebase.googleapis.com/v1beta1/projects/cicd-github-react had HTTP Error: 403, The caller does not have permission
    at responseToError (/Users/viethung-phenikaax/.nvm/versions/node/v20.0.0/lib/node_modules/firebase-tools/lib/responseToError.js:52:12)
    at RetryOperation._fn (/Users/viethung-phenikaax/.nvm/versions/node/v20.0.0/lib/node_modules/firebase-tools/lib/apiv2.js:312:77)
    at process.processTicksAndRejections (node:internal/process/task_queues:95:5)
[error] 
[error] Error: Failed to get Firebase project cicd-github-react. Please make sure the project exists and your account has permission to access it.
